[debug] [2021-07-13T10:40:03.182Z] ----------------------------------------------------------------------
[debug] [2021-07-13T10:40:03.184Z] Command:       C:\Program Files\nodejs\node.exe C:\Users\buzdu\AppData\Roaming\npm\node_modules\firebase-tools\lib\bin\firebase.js init
[debug] [2021-07-13T10:40:03.185Z] CLI Version:   9.16.0
[debug] [2021-07-13T10:40:03.185Z] Platform:      win32
[debug] [2021-07-13T10:40:03.185Z] Node Version:  v14.17.2
[debug] [2021-07-13T10:40:03.186Z] Time:          Tue Jul 13 2021 13:40:03 GMT+0300 (Ora de vară a Europei de Est)
[debug] [2021-07-13T10:40:03.186Z] ----------------------------------------------------------------------
[debug] 
[debug] [2021-07-13T10:40:03.244Z] > command requires scopes: ["email","openid","https://www.googleapis.com/auth/cloudplatformprojects.readonly","https://www.googleapis.com/auth/firebase","https://www.googleapis.com/auth/cloud-platform"]
[debug] [2021-07-13T10:40:03.244Z] > authorizing via signed-in user (moalefaceit@gmail.com)
[info] 
     ######## #### ########  ######## ########     ###     ######  ########
     ##        ##  ##     ## ##       ##     ##  ##   ##  ##       ##
     ######    ##  ########  ######   ########  #########  ######  ######
     ##        ##  ##    ##  ##       ##     ## ##     ##       ## ##
     ##       #### ##     ## ######## ########  ##     ##  ######  ########

You're about to initialize a Firebase project in this directory:

  D:\react\reactjs

Before we get started, keep in mind:

  * You are initializing within an existing Firebase project directory

